<!DOCTYPE html>

<html>
  <head>
  <meta charset='utf-8'>
  <title>TestNG reports</title>

    <link type="text/css" href="testng-reports1.css" rel="stylesheet" id="ultra" />
    <link type="text/css" href="testng-reports.css" rel="stylesheet" id="retro" disabled="false"/>
    <script type="text/javascript" src="jquery-3.6.0.min.js"></script>
    <script type="text/javascript" src="testng-reports.js"></script>
    <script type="text/javascript" src="https://www.google.com/jsapi"></script>
    <script type='text/javascript'>
      google.load('visualization', '1', {packages:['table']});
      google.setOnLoadCallback(drawTable);
      var suiteTableInitFunctions = new Array();
      var suiteTableData = new Array();
    </script>
    <!--
      <script type="text/javascript" src="jquery-ui/js/jquery-ui-1.8.16.custom.min.js"></script>
     -->
  </head>

  <body>    <div class="top-banner-root">
      <span class="top-banner-title-font">Test results</span>
      <button id="button" class="button">Switch Retro Theme</button> <!-- button -->
      <br/>
      <span class="top-banner-font-1">1 suite, 1 failed test</span>
    </div> <!-- top-banner-root -->
    <div class="navigator-root">
      <div class="navigator-suite-header">
        <span>All suites</span>
        <a href="#" title="Collapse/expand all the suites" class="collapse-all-link">
          <img src="collapseall.gif" class="collapse-all-icon">
          </img> <!-- collapse-all-icon -->
        </a> <!-- collapse-all-link -->
      </div> <!-- navigator-suite-header -->
      <div class="suite">
        <div class="rounded-window">
          <div class="suite-header light-rounded-window-top">
            <a href="#" panel-name="suite-01_Smoke_Headless_TestSuite" class="navigator-link">
              <span class="suite-name border-failed">01.Smoke_Headless_TestSuite</span>
            </a> <!-- navigator-link -->
          </div> <!-- suite-header light-rounded-window-top -->
          <div class="navigator-suite-content">
            <div class="suite-section-title">
              <span>Info</span>
            </div> <!-- suite-section-title -->
            <div class="suite-section-content">
              <ul>
                <li>
                  <a href="#" panel-name="test-xml-01_Smoke_Headless_TestSuite" class="navigator-link ">
                    <span>C:\Users\rahma\eclipse-workspace\SeleniumTestNGFramework\test-suite\Headless\01.Smoke_Headless_TestSuite.xml</span>
                  </a> <!-- navigator-link  -->
                </li>
                <li>
                  <a href="#" panel-name="testlist-01_Smoke_Headless_TestSuite" class="navigator-link ">
                    <span class="test-stats">3 tests</span>
                  </a> <!-- navigator-link  -->
                </li>
                <li>
                  <a href="#" panel-name="group-01_Smoke_Headless_TestSuite" class="navigator-link ">
                    <span>1 group</span>
                  </a> <!-- navigator-link  -->
                </li>
                <li>
                  <a href="#" panel-name="times-01_Smoke_Headless_TestSuite" class="navigator-link ">
                    <span>Times</span>
                  </a> <!-- navigator-link  -->
                </li>
                <li>
                  <a href="#" panel-name="reporter-01_Smoke_Headless_TestSuite" class="navigator-link ">
                    <span>Reporter output</span>
                  </a> <!-- navigator-link  -->
                </li>
                <li>
                  <a href="#" panel-name="ignored-methods-01_Smoke_Headless_TestSuite" class="navigator-link ">
                    <span>Ignored methods</span>
                  </a> <!-- navigator-link  -->
                </li>
                <li>
                  <a href="#" panel-name="chronological-01_Smoke_Headless_TestSuite" class="navigator-link ">
                    <span>Chronological view</span>
                  </a> <!-- navigator-link  -->
                </li>
              </ul>
            </div> <!-- suite-section-content -->
            <div class="result-section">
              <div class="suite-section-title">
                <span>Results</span>
              </div> <!-- suite-section-title -->
              <div class="suite-section-content">
                <ul>
                  <li>
                    <span class="method-stats">3 methods, 1 failed,  1 skipped,  1 passed</span>
                  </li>
                  <li>
                    <span class="method-list-title failed">Failed methods</span>
                    <span class="show-or-hide-methods failed">
                      <a href="#" panel-name="suite-01_Smoke_Headless_TestSuite" class="hide-methods failed suite-01_Smoke_Headless_TestSuite"> (hide)</a> <!-- hide-methods failed suite-01_Smoke_Headless_TestSuite -->
                      <a href="#" panel-name="suite-01_Smoke_Headless_TestSuite" class="show-methods failed suite-01_Smoke_Headless_TestSuite"> (show)</a> <!-- show-methods failed suite-01_Smoke_Headless_TestSuite -->
                    </span>
                    <div class="method-list-content failed suite-01_Smoke_Headless_TestSuite">
                      <span>
                        <img src="failed.png" width="3%"/>
                        <a href="#" panel-name="suite-01_Smoke_Headless_TestSuite" title="module_LoginPage.TS_001_ValidateLoginCredentials" class="method navigator-link" hash-for-method="TC_001_Login_ValidCredentials(test, test)">TC_001_Login_ValidCredentials(test, test)</a> <!-- method navigator-link -->
                      </span>
                      <br/>
                    </div> <!-- method-list-content failed suite-01_Smoke_Headless_TestSuite -->
                  </li>
                  <li>
                    <span class="method-list-title skipped">Retried methods</span>
                    <span class="show-or-hide-methods skipped">
                      <a href="#" panel-name="suite-01_Smoke_Headless_TestSuite" class="hide-methods skipped suite-01_Smoke_Headless_TestSuite"> (hide)</a> <!-- hide-methods skipped suite-01_Smoke_Headless_TestSuite -->
                      <a href="#" panel-name="suite-01_Smoke_Headless_TestSuite" class="show-methods skipped suite-01_Smoke_Headless_TestSuite"> (show)</a> <!-- show-methods skipped suite-01_Smoke_Headless_TestSuite -->
                    </span>
                    <div class="method-list-content skipped suite-01_Smoke_Headless_TestSuite">
                      <span>
                        <img src="skipped.png" width="3%"/>
                        <a href="#" panel-name="suite-01_Smoke_Headless_TestSuite" title="module_LoginPage.TS_001_ValidateLoginCredentials" class="method navigator-link" hash-for-method="TC_001_Login_ValidCredentials(test, test)">TC_001_Login_ValidCredentials(test, test)</a> <!-- method navigator-link -->
                      </span>
                      <br/>
                    </div> <!-- method-list-content skipped suite-01_Smoke_Headless_TestSuite -->
                  </li>
                  <li>
                    <span class="method-list-title passed">Passed methods</span>
                    <span class="show-or-hide-methods passed">
                      <a href="#" panel-name="suite-01_Smoke_Headless_TestSuite" class="hide-methods passed suite-01_Smoke_Headless_TestSuite"> (hide)</a> <!-- hide-methods passed suite-01_Smoke_Headless_TestSuite -->
                      <a href="#" panel-name="suite-01_Smoke_Headless_TestSuite" class="show-methods passed suite-01_Smoke_Headless_TestSuite"> (show)</a> <!-- show-methods passed suite-01_Smoke_Headless_TestSuite -->
                    </span>
                    <div class="method-list-content passed suite-01_Smoke_Headless_TestSuite">
                      <span>
                        <img src="passed.png" width="3%"/>
                        <a href="#" panel-name="suite-01_Smoke_Headless_TestSuite" title="module_LoginPage.TS_002_VerifyCancelLogin" class="method navigator-link" hash-for-method="TC_004_CancelLogin_Close">TC_004_CancelLogin_Close</a> <!-- method navigator-link -->
                      </span>
                      <br/>
                    </div> <!-- method-list-content passed suite-01_Smoke_Headless_TestSuite -->
                  </li>
                </ul>
              </div> <!-- suite-section-content -->
            </div> <!-- result-section -->
          </div> <!-- navigator-suite-content -->
        </div> <!-- rounded-window -->
      </div> <!-- suite -->
    </div> <!-- navigator-root -->
    <div class="wrapper">
      <div class="main-panel-root">
        <div panel-name="suite-01_Smoke_Headless_TestSuite" class="panel 01_Smoke_Headless_TestSuite">
          <div class="suite-01_Smoke_Headless_TestSuite-class-failed">
            <div class="main-panel-header rounded-window-top">
              <img src="failed.png"/>
              <span class="class-name">module_LoginPage.TS_001_ValidateLoginCredentials</span>
            </div> <!-- main-panel-header rounded-window-top -->
            <div class="main-panel-content rounded-window-bottom">
              <div class="method">
                <div class="method-content">
                  <a name="TC_001_Login_ValidCredentials(test, test)">
                  </a> <!-- TC_001_Login_ValidCredentials(test, test) -->
                  <span class="method-name">TC_001_Login_ValidCredentials</span>
                  <span class="parameters">(test,test)</span>
                  <div class="stack-trace">org.openqa.selenium.ElementClickInterceptedException: Element &lt;a id=&quot;login2&quot; class=&quot;nav-link&quot; href=&quot;#&quot;&gt; is not clickable at point (1006,37) because another element &lt;div id=&quot;logInModal&quot; class=&quot;modal fade show&quot;&gt; obscures it
Build info: version: &apos;4.22.0&apos;, revision: &apos;c5f3146703*&apos;
System info: os.name: &apos;Windows 11&apos;, os.arch: &apos;amd64&apos;, os.version: &apos;10.0&apos;, java.version: &apos;21.0.3&apos;
Driver info: org.openqa.selenium.firefox.FirefoxDriver
Command: [cc6025ea-016b-4925-b9f4-637300b094bb, clickElement {id=2248d976-115e-49fd-8e9f-f8ceb578d28c}]
Capabilities {acceptInsecureCerts: true, browserName: firefox, browserVersion: 127.0.2, moz:accessibilityChecks: false, moz:buildID: 20240624183754, moz:debuggerAddress: 127.0.0.1:18215, moz:geckodriverVersion: 0.34.0, moz:headless: true, moz:platformVersion: 10.0, moz:processID: 43476, moz:profile: C:\Users\rahma\AppData\Loca..., moz:shutdownTimeout: 60000, moz:webdriverClick: true, moz:windowless: false, pageLoadStrategy: normal, platformName: windows, proxy: Proxy(), se:cdp: ws://127.0.0.1:18215/devtoo..., se:cdpVersion: 85.0, setWindowRect: true, strictFileInteractability: false, timeouts: {implicit: 0, pageLoad: 300000, script: 30000}, unhandledPromptBehavior: dismiss and notify, userAgent: Mozilla/5.0 (Windows NT 10....}
Element: [[FirefoxDriver: firefox on windows (cc6025ea-016b-4925-b9f4-637300b094bb)] -&gt; id: login2]
Session ID: cc6025ea-016b-4925-b9f4-637300b094bb
	at org.openqa.selenium.remote.ErrorCodec.decode(ErrorCodec.java:167)
	at org.openqa.selenium.remote.codec.w3c.W3CHttpResponseCodec.decode(W3CHttpResponseCodec.java:138)
	at org.openqa.selenium.remote.codec.w3c.W3CHttpResponseCodec.decode(W3CHttpResponseCodec.java:50)
	at org.openqa.selenium.remote.HttpCommandExecutor.execute(HttpCommandExecutor.java:190)
	at org.openqa.selenium.remote.service.DriverCommandExecutor.invokeExecute(DriverCommandExecutor.java:216)
	at org.openqa.selenium.remote.service.DriverCommandExecutor.execute(DriverCommandExecutor.java:174)
	at org.openqa.selenium.remote.RemoteWebDriver.execute(RemoteWebDriver.java:518)
	at org.openqa.selenium.remote.RemoteWebElement.execute(RemoteWebElement.java:223)
	at org.openqa.selenium.remote.RemoteWebElement.click(RemoteWebElement.java:76)
	at pageEvents.PageEvents_Home.selectLoginOption(PageEvents_Home.java:21)
	at module_LoginPage.TS_001_ValidateLoginCredentials.TC_001_Login_ValidCredentials(TS_001_ValidateLoginCredentials.java:19)
	at java.base/java.util.ArrayList.forEach(ArrayList.java:1596)
	at java.base/java.util.concurrent.FutureTask.run(FutureTask.java:317)
	at java.base/java.util.concurrent.ThreadPoolExecutor.runWorker(ThreadPoolExecutor.java:1144)
	at java.base/java.util.concurrent.ThreadPoolExecutor$Worker.run(ThreadPoolExecutor.java:642)
	at java.base/java.lang.Thread.run(Thread.java:1583)
... Removed 18 stack frames
</div> <!-- stack-trace -->
                </div> <!-- method-content -->
              </div> <!-- method -->
            </div> <!-- main-panel-content rounded-window-bottom -->
          </div> <!-- suite-01_Smoke_Headless_TestSuite-class-failed -->
          <div class="suite-01_Smoke_Headless_TestSuite-class-skipped">
            <div class="main-panel-header rounded-window-top">
              <img src="skipped.png"/>
              <span class="class-name">module_LoginPage.TS_001_ValidateLoginCredentials</span>
            </div> <!-- main-panel-header rounded-window-top -->
            <div class="main-panel-content rounded-window-bottom">
              <div class="method">
                <div class="method-content">
                  <a name="TC_001_Login_ValidCredentials(test, test)">
                  </a> <!-- TC_001_Login_ValidCredentials(test, test) -->
                  <span class="method-name">TC_001_Login_ValidCredentials</span>
                  <span class="parameters">(test,test)</span>
                  <div class="stack-trace">org.openqa.selenium.NoSuchSessionException: Tried to run command without establishing a connection
Build info: version: &apos;4.22.0&apos;, revision: &apos;c5f3146703*&apos;
System info: os.name: &apos;Windows 11&apos;, os.arch: &apos;amd64&apos;, os.version: &apos;10.0&apos;, java.version: &apos;21.0.3&apos;
Driver info: org.openqa.selenium.firefox.FirefoxDriver
Command: [aaac2b9a-db91-4006-92cd-5d8180393b97, isElementDisplayed {id=20a4c91f-ab84-4c8e-b478-06f322a8e43e}]
Capabilities {acceptInsecureCerts: true, browserName: firefox, browserVersion: 127.0.2, moz:accessibilityChecks: false, moz:buildID: 20240624183754, moz:debuggerAddress: 127.0.0.1:40624, moz:geckodriverVersion: 0.34.0, moz:headless: true, moz:platformVersion: 10.0, moz:processID: 33880, moz:profile: C:\Users\rahma\AppData\Loca..., moz:shutdownTimeout: 60000, moz:webdriverClick: true, moz:windowless: false, pageLoadStrategy: normal, platformName: windows, proxy: Proxy(), se:cdp: ws://127.0.0.1:40624/devtoo..., se:cdpVersion: 85.0, setWindowRect: true, strictFileInteractability: false, timeouts: {implicit: 0, pageLoad: 300000, script: 30000}, unhandledPromptBehavior: dismiss and notify, userAgent: Mozilla/5.0 (Windows NT 10....}
Element: [[FirefoxDriver: firefox on windows (aaac2b9a-db91-4006-92cd-5d8180393b97)] -&gt; id: loginusername]
Session ID: aaac2b9a-db91-4006-92cd-5d8180393b97
	at org.openqa.selenium.remote.ErrorCodec.decode(ErrorCodec.java:167)
	at org.openqa.selenium.remote.codec.w3c.W3CHttpResponseCodec.decode(W3CHttpResponseCodec.java:138)
	at org.openqa.selenium.remote.codec.w3c.W3CHttpResponseCodec.decode(W3CHttpResponseCodec.java:50)
	at org.openqa.selenium.remote.HttpCommandExecutor.execute(HttpCommandExecutor.java:190)
	at org.openqa.selenium.remote.service.DriverCommandExecutor.invokeExecute(DriverCommandExecutor.java:216)
	at org.openqa.selenium.remote.service.DriverCommandExecutor.execute(DriverCommandExecutor.java:174)
	at org.openqa.selenium.remote.RemoteWebDriver.execute(RemoteWebDriver.java:518)
	at org.openqa.selenium.remote.RemoteWebElement.execute(RemoteWebElement.java:223)
	at org.openqa.selenium.remote.RemoteWebElement.isDisplayed(RemoteWebElement.java:282)
	at org.openqa.selenium.support.ui.ExpectedConditions.elementIfVisible(ExpectedConditions.java:304)
	at org.openqa.selenium.support.ui.ExpectedConditions$10.apply(ExpectedConditions.java:290)
	at org.openqa.selenium.support.ui.ExpectedConditions$10.apply(ExpectedConditions.java:287)
	at org.openqa.selenium.support.ui.ExpectedConditions$23.apply(ExpectedConditions.java:656)
	at org.openqa.selenium.support.ui.ExpectedConditions$23.apply(ExpectedConditions.java:652)
	at org.openqa.selenium.support.ui.FluentWait.until(FluentWait.java:203)
	at pageEvents.PageEvents_Login.enterUsername(PageEvents_Login.java:20)
	at module_LoginPage.TS_001_ValidateLoginCredentials.TC_001_Login_ValidCredentials(TS_001_ValidateLoginCredentials.java:20)
	at java.base/java.util.ArrayList.forEach(ArrayList.java:1596)
	at java.base/java.util.concurrent.FutureTask.run(FutureTask.java:317)
	at java.base/java.util.concurrent.ThreadPoolExecutor.runWorker(ThreadPoolExecutor.java:1144)
	at java.base/java.util.concurrent.ThreadPoolExecutor$Worker.run(ThreadPoolExecutor.java:642)
	at java.base/java.lang.Thread.run(Thread.java:1583)
... Removed 18 stack frames
</div> <!-- stack-trace -->
                </div> <!-- method-content -->
              </div> <!-- method -->
            </div> <!-- main-panel-content rounded-window-bottom -->
          </div> <!-- suite-01_Smoke_Headless_TestSuite-class-skipped -->
          <div class="suite-01_Smoke_Headless_TestSuite-class-passed">
            <div class="main-panel-header rounded-window-top">
              <img src="passed.png"/>
              <span class="class-name">module_LoginPage.TS_002_VerifyCancelLogin</span>
            </div> <!-- main-panel-header rounded-window-top -->
            <div class="main-panel-content rounded-window-bottom">
              <div class="method">
                <div class="method-content">
                  <a name="TC_004_CancelLogin_Close">
                  </a> <!-- TC_004_CancelLogin_Close -->
                  <span class="method-name">TC_004_CancelLogin_Close</span>
                </div> <!-- method-content -->
              </div> <!-- method -->
            </div> <!-- main-panel-content rounded-window-bottom -->
          </div> <!-- suite-01_Smoke_Headless_TestSuite-class-passed -->
        </div> <!-- panel 01_Smoke_Headless_TestSuite -->
        <div panel-name="test-xml-01_Smoke_Headless_TestSuite" class="panel">
          <div class="main-panel-header rounded-window-top">
            <span class="header-content">C:\Users\rahma\eclipse-workspace\SeleniumTestNGFramework\test-suite\Headless\01.Smoke_Headless_TestSuite.xml</span>
          </div> <!-- main-panel-header rounded-window-top -->
          <div class="main-panel-content rounded-window-bottom">
            <pre>
&lt;?xml version=&quot;1.0&quot; encoding=&quot;UTF-8&quot;?&gt;
&lt;!DOCTYPE suite SYSTEM &quot;https://testng.org/testng-1.0.dtd&quot;&gt;
&lt;suite parallel=&quot;tests&quot; name=&quot;01.Smoke_Headless_TestSuite&quot; guice-stage=&quot;DEVELOPMENT&quot;&gt;
  &lt;parameter name=&quot;headless&quot; value=&quot;true&quot;/&gt;
  &lt;parameter name=&quot;suiteName&quot; value=&quot;01.Smoke_Headless_TestSuite&quot;/&gt;
  &lt;listeners&gt;
    &lt;listener class-name=&quot;utilities.SuiteListener&quot;/&gt;
  &lt;/listeners&gt;
  &lt;test thread-count=&quot;5&quot; parallel=&quot;tests&quot; name=&quot;Chrome&quot;&gt;
    &lt;parameter name=&quot;browserName&quot; value=&quot;Chrome&quot;/&gt;
    &lt;groups&gt;
      &lt;run&gt;
        &lt;include name=&quot;smoke&quot;/&gt;
      &lt;/run&gt;
    &lt;/groups&gt;
    &lt;classes&gt;
      &lt;class name=&quot;module_LoginPage.TS_001_ValidateLoginCredentials&quot;/&gt;
      &lt;class name=&quot;module_LoginPage.TS_002_VerifyCancelLogin&quot;/&gt;
    &lt;/classes&gt;
  &lt;/test&gt; &lt;!-- Chrome --&gt;
  &lt;test thread-count=&quot;5&quot; parallel=&quot;tests&quot; name=&quot;Firefox&quot;&gt;
    &lt;parameter name=&quot;browserName&quot; value=&quot;Firefox&quot;/&gt;
    &lt;groups&gt;
      &lt;run&gt;
        &lt;include name=&quot;smoke&quot;/&gt;
      &lt;/run&gt;
    &lt;/groups&gt;
    &lt;classes&gt;
      &lt;class name=&quot;module_LoginPage.TS_001_ValidateLoginCredentials&quot;/&gt;
      &lt;class name=&quot;module_LoginPage.TS_002_VerifyCancelLogin&quot;/&gt;
    &lt;/classes&gt;
  &lt;/test&gt; &lt;!-- Firefox --&gt;
  &lt;test thread-count=&quot;5&quot; parallel=&quot;tests&quot; name=&quot;Edge&quot;&gt;
    &lt;parameter name=&quot;browserName&quot; value=&quot;Edge&quot;/&gt;
    &lt;groups&gt;
      &lt;run&gt;
        &lt;include name=&quot;smoke&quot;/&gt;
      &lt;/run&gt;
    &lt;/groups&gt;
    &lt;classes&gt;
      &lt;class name=&quot;module_LoginPage.TS_001_ValidateLoginCredentials&quot;/&gt;
      &lt;class name=&quot;module_LoginPage.TS_002_VerifyCancelLogin&quot;/&gt;
    &lt;/classes&gt;
  &lt;/test&gt; &lt;!-- Edge --&gt;
&lt;/suite&gt; &lt;!-- 01.Smoke_Headless_TestSuite --&gt;
            </pre>
          </div> <!-- main-panel-content rounded-window-bottom -->
        </div> <!-- panel -->
        <div panel-name="testlist-01_Smoke_Headless_TestSuite" class="panel">
          <div class="main-panel-header rounded-window-top">
            <span class="header-content">Tests for 01.Smoke_Headless_TestSuite</span>
          </div> <!-- main-panel-header rounded-window-top -->
          <div class="main-panel-content rounded-window-bottom">
            <ul>
              <li>
                <span class="test-name">Chrome (2 classes)</span>
              </li>
              <li>
                <span class="test-name">Firefox (2 classes)</span>
              </li>
              <li>
                <span class="test-name">Edge (2 classes)</span>
              </li>
            </ul>
          </div> <!-- main-panel-content rounded-window-bottom -->
        </div> <!-- panel -->
        <div panel-name="group-01_Smoke_Headless_TestSuite" class="panel">
          <div class="main-panel-header rounded-window-top">
            <span class="header-content">Groups for 01.Smoke_Headless_TestSuite</span>
          </div> <!-- main-panel-header rounded-window-top -->
          <div class="main-panel-content rounded-window-bottom">
            <div class="test-group">
              <span class="test-group-name">smoke</span>
              <br/>
              <div class="method-in-group">
                <span class="method-in-group-name">TC_001_Login_ValidCredentials</span>
                <br/>
              </div> <!-- method-in-group -->
              <div class="method-in-group">
                <span class="method-in-group-name">TC_004_CancelLogin_Close</span>
                <br/>
              </div> <!-- method-in-group -->
            </div> <!-- test-group -->
          </div> <!-- main-panel-content rounded-window-bottom -->
        </div> <!-- panel -->
        <div panel-name="times-01_Smoke_Headless_TestSuite" class="panel">
          <div class="main-panel-header rounded-window-top">
            <span class="header-content">Times for 01.Smoke_Headless_TestSuite</span>
          </div> <!-- main-panel-header rounded-window-top -->
          <div class="main-panel-content rounded-window-bottom">
            <div class="times-div">
              <script type="text/javascript">
suiteTableInitFunctions.push('tableData_01_Smoke_Headless_TestSuite');
function tableData_01_Smoke_Headless_TestSuite() {
var data = new google.visualization.DataTable();
data.addColumn('number', 'Number');
data.addColumn('string', 'Method');
data.addColumn('string', 'Class');
data.addColumn('number', 'Time (ms)');
data.addRows(3);
data.setCell(0, 0, 0)
data.setCell(0, 1, 'TC_004_CancelLogin_Close')
data.setCell(0, 2, 'module_LoginPage.TS_002_VerifyCancelLogin')
data.setCell(0, 3, 2764);
data.setCell(1, 0, 1)
data.setCell(1, 1, 'TC_001_Login_ValidCredentials')
data.setCell(1, 2, 'module_LoginPage.TS_001_ValidateLoginCredentials')
data.setCell(1, 3, 1978);
data.setCell(2, 0, 2)
data.setCell(2, 1, 'TC_001_Login_ValidCredentials')
data.setCell(2, 2, 'module_LoginPage.TS_001_ValidateLoginCredentials')
data.setCell(2, 3, 503);
window.suiteTableData['01_Smoke_Headless_TestSuite']= { tableData: data, tableDiv: 'times-div-01_Smoke_Headless_TestSuite'}
return data;
}
              </script>
              <span class="suite-total-time">Total running time: 26 seconds</span>
              <div id="times-div-01_Smoke_Headless_TestSuite">
              </div> <!-- times-div-01_Smoke_Headless_TestSuite -->
            </div> <!-- times-div -->
          </div> <!-- main-panel-content rounded-window-bottom -->
        </div> <!-- panel -->
        <div panel-name="reporter-01_Smoke_Headless_TestSuite" class="panel">
          <div class="main-panel-header rounded-window-top">
            <span class="header-content">Reporter output for 01.Smoke_Headless_TestSuite</span>
          </div> <!-- main-panel-header rounded-window-top -->
          <div class="main-panel-content rounded-window-bottom">
          </div> <!-- main-panel-content rounded-window-bottom -->
        </div> <!-- panel -->
        <div panel-name="ignored-methods-01_Smoke_Headless_TestSuite" class="panel">
          <div class="main-panel-header rounded-window-top">
            <span class="header-content">15 ignored methods</span>
          </div> <!-- main-panel-header rounded-window-top -->
          <div class="main-panel-content rounded-window-bottom">
            <div class="ignored-class-div">
              <span class="ignored-class-name">module_LoginPage.TS_002_VerifyCancelLogin</span>
              <div class="ignored-methods-div">
                <span class="ignored-method-name">extentReportInitializer</span>
                <br/>
                <span class="ignored-method-name">TC_005_CancelLogin_X</span>
                <br/>
                <span class="ignored-method-name">tear</span>
                <br/>
                <span class="ignored-method-name">tear</span>
                <br/>
                <span class="ignored-method-name">TC_005_CancelLogin_X</span>
                <br/>
                <span class="ignored-method-name">extentReportInitializer</span>
                <br/>
                <span class="ignored-method-name">tear</span>
                <br/>
                <span class="ignored-method-name">extentReportInitializer</span>
                <br/>
                <span class="ignored-method-name">TC_005_CancelLogin_X</span>
                <br/>
              </div> <!-- ignored-methods-div -->
            </div> <!-- ignored-class-div -->
            <div class="ignored-class-div">
              <span class="ignored-class-name">module_LoginPage.TS_001_ValidateLoginCredentials</span>
              <div class="ignored-methods-div">
                <span class="ignored-method-name">TC_002_Login_WrongPassword</span>
                <br/>
                <span class="ignored-method-name">TC_003_Login_InvalidUsername</span>
                <br/>
                <span class="ignored-method-name">TC_002_Login_WrongPassword</span>
                <br/>
                <span class="ignored-method-name">TC_003_Login_InvalidUsername</span>
                <br/>
                <span class="ignored-method-name">TC_003_Login_InvalidUsername</span>
                <br/>
                <span class="ignored-method-name">TC_002_Login_WrongPassword</span>
                <br/>
              </div> <!-- ignored-methods-div -->
            </div> <!-- ignored-class-div -->
          </div> <!-- main-panel-content rounded-window-bottom -->
        </div> <!-- panel -->
        <div panel-name="chronological-01_Smoke_Headless_TestSuite" class="panel">
          <div class="main-panel-header rounded-window-top">
            <span class="header-content">Methods in chronological order</span>
          </div> <!-- main-panel-header rounded-window-top -->
          <div class="main-panel-content rounded-window-bottom">
            <div class="chronological-class">
              <div class="chronological-class-name">module_LoginPage.TS_001_ValidateLoginCredentials</div> <!-- chronological-class-name -->
              <div class="configuration-suite before">
                <span class="method-name">extentReportInitializer(01.Smoke_Headless_TestSuite)</span>
                <span class="method-start">0 ms</span>
              </div> <!-- configuration-suite before -->
              <div class="configuration-method before">
                <span class="method-name">driverInitializer(Chrome, true)</span>
                <span class="method-start">1832 ms</span>
              </div> <!-- configuration-method before -->
              <div class="configuration-method before">
                <span class="method-name">driverInitializer(Edge, true)</span>
                <span class="method-start">1833 ms</span>
              </div> <!-- configuration-method before -->
              <div class="configuration-method before">
                <span class="method-name">driverInitializer(Firefox, true)</span>
                <span class="method-start">1834 ms</span>
              </div> <!-- configuration-method before -->
              <div class="test-method">
                <span class="method-name">TC_001_Login_ValidCredentials(test, test)</span>
                <span class="method-start">6274 ms</span>
              </div> <!-- test-method -->
              <div class="configuration-method after">
                <span class="method-name">captureReport([TestResult name=TC_001_Login_ValidCredentials status=SKIP method=TS_001_ValidateLoginCredentials.TC...)</span>
                <span class="method-start">6410 ms</span>
              </div> <!-- configuration-method after -->
              <div class="test-method">
                <span class="method-name">TC_001_Login_ValidCredentials(test, test)</span>
                <span class="method-start">7386 ms</span>
              </div> <!-- test-method -->
              <div class="test-method">
                <span class="method-name">TC_001_Login_ValidCredentials(test, test)</span>
                <span class="method-start">8493 ms</span>
              </div> <!-- test-method -->
              <div class="configuration-method before">
                <span class="method-name">driverInitializer(Chrome, true)</span>
                <span class="method-start">8998 ms</span>
              </div> <!-- configuration-method before -->
              <div class="configuration-method after">
                <span class="method-name">captureReport([TestResult name=TC_001_Login_ValidCredentials status=SKIP method=TS_001_ValidateLoginCredentials.TC...)</span>
                <span class="method-start">9020 ms</span>
              </div> <!-- configuration-method after -->
              <div class="configuration-method after">
                <img src="failed.png">
                </img>
                <span class="method-name">captureReport([TestResult name=TC_001_Login_ValidCredentials status=SKIP method=TS_001_ValidateLoginCredentials.TC...)</span>
                <span class="method-start">10476 ms</span>
              </div> <!-- configuration-method after -->
              <div class="configuration-method before">
                <span class="method-name">driverInitializer(Edge, true)</span>
                <span class="method-start">10486 ms</span>
              </div> <!-- configuration-method before -->
              <div class="configuration-method before">
                <span class="method-name">driverInitializer(Firefox, true)</span>
                <span class="method-start">10493 ms</span>
              </div> <!-- configuration-method before -->
              <div class="test-method">
                <img src="failed.png">
                </img>
                <span class="method-name">TC_001_Login_ValidCredentials(test, test)</span>
                <span class="method-start">16483 ms</span>
              </div> <!-- test-method -->
              <div class="configuration-method after">
                <span class="method-name">captureReport([TestResult name=TC_001_Login_ValidCredentials status=FAILURE method=TS_001_ValidateLoginCredentials...)</span>
                <span class="method-start">17284 ms</span>
              </div> <!-- configuration-method after -->
              <div class="configuration-test after">
                <span class="method-name">tear</span>
                <span class="method-start">18869 ms</span>
              </div> <!-- configuration-test after -->
            </div> <!-- chronological-class -->
            <div class="chronological-class">
              <div class="chronological-class-name">module_LoginPage.TS_002_VerifyCancelLogin</div> <!-- chronological-class-name -->
              <div class="configuration-method before">
                <span class="method-name">driverInitializer(Firefox, true)</span>
                <span class="method-start">18875 ms</span>
              </div> <!-- configuration-method before -->
            </div> <!-- chronological-class -->
            <div class="chronological-class">
              <div class="chronological-class-name">module_LoginPage.TS_001_ValidateLoginCredentials</div> <!-- chronological-class-name -->
              <div class="configuration-test after">
                <span class="method-name">tear</span>
                <span class="method-start">19093 ms</span>
              </div> <!-- configuration-test after -->
            </div> <!-- chronological-class -->
            <div class="chronological-class">
              <div class="chronological-class-name">module_LoginPage.TS_002_VerifyCancelLogin</div> <!-- chronological-class-name -->
              <div class="test-method">
                <span class="method-name">TC_004_CancelLogin_Close</span>
                <span class="method-start">23651 ms</span>
              </div> <!-- test-method -->
              <div class="configuration-method after">
                <span class="method-name">captureReport([TestResult name=TC_004_CancelLogin_Close status=SUCCESS method=TS_002_VerifyCancelLogin.TC_004_Canc...)</span>
                <span class="method-start">26423 ms</span>
              </div> <!-- configuration-method after -->
            </div> <!-- chronological-class -->
            <div class="chronological-class">
              <div class="chronological-class-name">module_LoginPage.TS_001_ValidateLoginCredentials</div> <!-- chronological-class-name -->
              <div class="configuration-test after">
                <span class="method-name">tear</span>
                <span class="method-start">27420 ms</span>
              </div> <!-- configuration-test after -->
          </div> <!-- main-panel-content rounded-window-bottom -->
        </div> <!-- panel -->
      </div> <!-- main-panel-root -->
    </div> <!-- wrapper -->
  </body>
<script type="text/javascript" src="testng-reports2.js"></script>
</html>
